[25-Feb-2021 03:16:58 UTC] PHP Notice:  Undefined variable: _SESSION in C:\laragon\www\assistup\common_server\panel\web\models\account.php on line 95
[25-Feb-2021 03:16:58 UTC] PHP Notice:  Undefined index: login_attempts in C:\laragon\www\assistup\common_server\panel\web\models\account.php on line 95
[25-Feb-2021 03:26:43 UTC] PHP Parse error:  syntax error, unexpected '<', expecting end of file in C:\laragon\www\assistup\common_server\panel\web\views\home.php on line 11
[25-Feb-2021 03:27:13 UTC] PHP Parse error:  syntax error, unexpected '<', expecting end of file in C:\laragon\www\assistup\common_server\panel\web\views\home.php on line 11
[25-Feb-2021 03:27:39 UTC] PHP Parse error:  syntax error, unexpected '$domain' (T_VARIABLE), expecting ')' in C:\laragon\www\assistup\common_server\panel\web\views\home.php on line 91
[25-Feb-2021 03:27:41 UTC] PHP Parse error:  syntax error, unexpected '$domain' (T_VARIABLE), expecting ')' in C:\laragon\www\assistup\common_server\panel\web\views\home.php on line 91
[25-Feb-2021 03:27:43 UTC] PHP Parse error:  syntax error, unexpected '$domain' (T_VARIABLE), expecting ')' in C:\laragon\www\assistup\common_server\panel\web\views\home.php on line 91
[25-Feb-2021 03:28:03 UTC] PHP Parse error:  syntax error, unexpected '$domain' (T_VARIABLE), expecting ')' in C:\laragon\www\assistup\common_server\panel\web\views\home.php on line 91
[25-Feb-2021 03:28:45 UTC] PHP Parse error:  syntax error, unexpected '$domain' (T_VARIABLE), expecting ')' in C:\laragon\www\assistup\common_server\panel\web\views\home.php on line 91
[25-Feb-2021 03:29:10 UTC] PHP Parse error:  syntax error, unexpected ''</span></td><td><input type="' (T_CONSTANT_ENCAPSED_STRING), expecting ';' or ',' in C:\laragon\www\assistup\common_server\panel\web\views\home.php on line 91
[25-Feb-2021 03:30:14 UTC] PHP Parse error:  syntax error, unexpected ''</span></td><td><input type="' (T_CONSTANT_ENCAPSED_STRING), expecting ';' or ',' in C:\laragon\www\assistup\common_server\panel\web\views\home.php on line 91
[25-Feb-2021 03:30:33 UTC] PHP Fatal error:  Uncaught Error: Call to undefined function formatBytes() in C:\laragon\www\assistup\common_server\panel\web\views\home.php:90
Stack trace:
#0 C:\laragon\www\assistup\common_server\panel\web\home.php(2): require_once()
#1 {main}
  thrown in C:\laragon\www\assistup\common_server\panel\web\views\home.php on line 90
[25-Feb-2021 03:31:49 UTC] PHP Warning:  require_once(models/directory_size.php): failed to open stream: No such file or directory in C:\laragon\www\assistup\common_server\panel\web\views\home.php on line 11
[25-Feb-2021 03:31:49 UTC] PHP Fatal error:  require_once(): Failed opening required 'models/directory_size.php' (include_path='.;C:\php\pear') in C:\laragon\www\assistup\common_server\panel\web\views\home.php on line 11
[25-Feb-2021 03:31:52 UTC] PHP Warning:  require_once(models/directory_size.php): failed to open stream: No such file or directory in C:\laragon\www\assistup\common_server\panel\web\views\home.php on line 11
[25-Feb-2021 03:31:52 UTC] PHP Fatal error:  require_once(): Failed opening required 'models/directory_size.php' (include_path='.;C:\php\pear') in C:\laragon\www\assistup\common_server\panel\web\views\home.php on line 11
[25-Feb-2021 03:32:59 UTC] PHP Warning:  require_once(models/directory_size.php): failed to open stream: No such file or directory in C:\laragon\www\assistup\common_server\panel\web\views\home.php on line 11
[25-Feb-2021 03:32:59 UTC] PHP Fatal error:  require_once(): Failed opening required 'models/directory_size.php' (include_path='.;C:\php\pear') in C:\laragon\www\assistup\common_server\panel\web\views\home.php on line 11
[25-Feb-2021 03:38:22 UTC] PHP Fatal error:  Maximum execution time of 30 seconds exceeded in C:\laragon\www\assistup\common_server\panel\web\views\home.php on line 153
[25-Feb-2021 03:39:03 UTC] PHP Fatal error:  Maximum execution time of 30 seconds exceeded in C:\laragon\www\assistup\common_server\panel\web\views\home.php on line 153
[25-Feb-2021 03:42:10 UTC] PHP Fatal error:  Cannot redeclare folderSize() (previously declared in C:\laragon\www\assistup\common_server\panel\web\views\home.php:150) in C:\laragon\www\assistup\common_server\panel\web\views\directory_size.php on line 3
[25-Feb-2021 03:42:29 UTC] PHP Fatal error:  Uncaught Error: Call to undefined function sizeFormat() in C:\laragon\www\assistup\common_server\panel\web\views\home.php:91
Stack trace:
#0 C:\laragon\www\assistup\common_server\panel\web\home.php(2): require_once()
#1 {main}
  thrown in C:\laragon\www\assistup\common_server\panel\web\views\home.php on line 91
[25-Feb-2021 03:43:04 UTC] PHP Fatal error:  Uncaught Error: Call to undefined function sizeFormat() in C:\laragon\www\assistup\common_server\panel\web\views\home.php:91
Stack trace:
#0 C:\laragon\www\assistup\common_server\panel\web\home.php(2): require_once()
#1 {main}
  thrown in C:\laragon\www\assistup\common_server\panel\web\views\home.php on line 91
[25-Feb-2021 03:43:18 UTC] PHP Notice:  session_start(): ps_files_cleanup_dir: opendir(C:\Windows\TEMP) failed: No error (0) in C:\laragon\www\assistup\common_server\panel\web\header\validation.php on line 2
[25-Feb-2021 03:43:18 UTC] PHP Fatal error:  Cannot redeclare folderSize() (previously declared in C:\laragon\www\assistup\common_server\panel\web\views\home.php:150) in C:\laragon\www\assistup\common_server\panel\web\views\directory_size.php on line 3
[25-Feb-2021 03:44:05 UTC] PHP Fatal error:  Maximum execution time of 30 seconds exceeded in C:\laragon\www\assistup\common_server\panel\web\views\home.php on line 154
[25-Feb-2021 03:44:59 UTC] PHP Fatal error:  Cannot redeclare folderSize() (previously declared in C:\laragon\www\assistup\common_server\panel\web\views\home.php:150) in C:\laragon\www\assistup\common_server\panel\web\views\directory_size.php on line 3
[25-Feb-2021 03:46:05 UTC] PHP Fatal error:  Cannot redeclare folderSize() (previously declared in C:\laragon\www\assistup\common_server\panel\web\views\home.php:150) in C:\laragon\www\assistup\common_server\panel\web\views\directory_size.php on line 3
[25-Feb-2021 03:46:09 UTC] PHP Fatal error:  Cannot redeclare folderSize() (previously declared in C:\laragon\www\assistup\common_server\panel\web\views\home.php:150) in C:\laragon\www\assistup\common_server\panel\web\views\directory_size.php on line 3
[25-Feb-2021 03:46:52 UTC] PHP Fatal error:  Cannot redeclare folderSize() (previously declared in C:\laragon\www\assistup\common_server\panel\web\views\home.php:150) in C:\laragon\www\assistup\common_server\panel\web\views\directory_size.php on line 3
[25-Feb-2021 03:47:45 UTC] PHP Fatal error:  Cannot redeclare folderSize() (previously declared in C:\laragon\www\assistup\common_server\panel\web\views\home.php:150) in C:\laragon\www\assistup\common_server\panel\web\views\directory_size.php on line 3
[25-Feb-2021 03:49:35 UTC] PHP Fatal error:  Maximum execution time of 30 seconds exceeded in C:\laragon\www\assistup\common_server\panel\web\views\home.php on line 154
[25-Feb-2021 03:50:09 UTC] PHP Fatal error:  Maximum execution time of 30 seconds exceeded in C:\laragon\www\assistup\common_server\panel\web\views\home.php on line 154
[25-Feb-2021 03:50:40 UTC] PHP Parse error:  syntax error, unexpected '$domain' (T_VARIABLE), expecting ')' in C:\laragon\www\assistup\common_server\panel\web\views\home.php on line 91
[25-Feb-2021 03:51:09 UTC] PHP Parse error:  syntax error, unexpected '' (T_ENCAPSED_AND_WHITESPACE), expecting '-' or identifier (T_STRING) or variable (T_VARIABLE) or number (T_NUM_STRING) in C:\laragon\www\assistup\common_server\panel\web\views\home.php on line 91
[25-Feb-2021 03:52:10 UTC] PHP Fatal error:  Maximum execution time of 30 seconds exceeded in C:\laragon\www\assistup\common_server\panel\web\views\home.php on line 154
[26-Feb-2021 04:35:55 UTC] PHP Fatal error:  Maximum execution time of 30 seconds exceeded in C:\laragon\www\assistup\common_server\panel\web\install_app.php on line 36
[27-Feb-2021 02:19:39 UTC] PHP Notice:  Undefined index: p in C:\laragon\www\assistup\common_server\panel\web\views\home.php on line 3
[27-Feb-2021 02:19:39 UTC] PHP Notice:  Undefined index: d in C:\laragon\www\assistup\common_server\panel\web\views\home.php on line 4
[27-Feb-2021 02:19:39 UTC] PHP Notice:  Undefined index: p in C:\laragon\www\assistup\common_server\panel\web\header\validation.php on line 6
[27-Feb-2021 02:19:39 UTC] PHP Notice:  Undefined index: d in C:\laragon\www\assistup\common_server\panel\web\header\validation.php on line 7
[27-Feb-2021 02:19:40 UTC] PHP Notice:  Undefined index: d in C:\laragon\www\assistup\common_server\panel\web\views\home.php on line 14
[27-Feb-2021 02:19:40 UTC] PHP Notice:  Undefined index: p in C:\laragon\www\assistup\common_server\panel\web\views\home.php on line 14
[27-Feb-2021 02:19:40 UTC] PHP Notice:  Undefined index: d in C:\laragon\www\assistup\common_server\panel\web\views\home.php on line 53
