[21-Apr-2021 15:06:21 UTC] PHP Warning:  PHP Startup: Unable to load dynamic library 'curl' (tried: C:\PHP\ext\curl (The specified module could not be found.), C:\PHP\ext\php_curl.dll (The specified module could not be found.)) in Unknown on line 0
[21-Apr-2021 15:06:21 UTC] PHP Warning:  PHP Startup: Unable to load dynamic library 'gd2' (tried: C:\PHP\ext\gd2 (The specified module could not be found.), C:\PHP\ext\php_gd2.dll (The specified module could not be found.)) in Unknown on line 0
[21-Apr-2021 15:06:21 UTC] PHP Warning:  PHP Startup: Unable to load dynamic library 'mbstring' (tried: C:\PHP\ext\mbstring (The specified module could not be found.), C:\PHP\ext\php_mbstring.dll (The specified module could not be found.)) in Unknown on line 0
[21-Apr-2021 15:06:21 UTC] PHP Warning:  PHP Startup: Unable to load dynamic library 'mysqli' (tried: C:\PHP\ext\mysqli (The specified module could not be found.), C:\PHP\ext\php_mysqli.dll (The specified module could not be found.)) in Unknown on line 0
[21-Apr-2021 15:06:21 UTC] PHP Warning:  PHP Startup: Unable to load dynamic library 'pdo_mysql' (tried: C:\PHP\ext\pdo_mysql (The specified module could not be found.), C:\PHP\ext\php_pdo_mysql.dll (The specified module could not be found.)) in Unknown on line 0
[21-Apr-2021 15:06:21 UTC] PHP Warning:  PHP Startup: Unable to load dynamic library 'sqlsrv_74_nts_x64' (tried: C:\PHP\ext\sqlsrv_74_nts_x64 (The specified module could not be found.), C:\PHP\ext\php_sqlsrv_74_nts_x64.dll (The specified module could not be found.)) in Unknown on line 0
[21-Apr-2021 15:06:21 UTC] PHP Warning:  PHP Startup: Unable to load dynamic library 'pdo_sqlsrv_74_nts_x64' (tried: C:\PHP\ext\pdo_sqlsrv_74_nts_x64 (The specified module could not be found.), C:\PHP\ext\php_pdo_sqlsrv_74_nts_x64.dll (The specified module could not be found.)) in Unknown on line 0
[21-Apr-2021 15:06:21 UTC] PHP Warning:  PHP Startup: Unable to load dynamic library 'xmlrpc' (tried: C:\PHP\ext\xmlrpc (The specified module could not be found.), C:\PHP\ext\php_xmlrpc.dll (The specified module could not be found.)) in Unknown on line 0
[21-Apr-2021 15:06:21 UTC] PHP Warning:  PHP Startup: Unable to load dynamic library 'curl' (tried: C:\PHP\ext\curl (The specified module could not be found.), C:\PHP\ext\php_curl.dll (The specified module could not be found.)) in Unknown on line 0
[21-Apr-2021 15:06:21 UTC] PHP Warning:  PHP Startup: Unable to load dynamic library 'gd2' (tried: C:\PHP\ext\gd2 (The specified module could not be found.), C:\PHP\ext\php_gd2.dll (The specified module could not be found.)) in Unknown on line 0
[21-Apr-2021 15:06:21 UTC] PHP Warning:  PHP Startup: Unable to load dynamic library 'mbstring' (tried: C:\PHP\ext\mbstring (The specified module could not be found.), C:\PHP\ext\php_mbstring.dll (The specified module could not be found.)) in Unknown on line 0
[21-Apr-2021 15:06:21 UTC] PHP Warning:  PHP Startup: Unable to load dynamic library 'mysqli' (tried: C:\PHP\ext\mysqli (The specified module could not be found.), C:\PHP\ext\php_mysqli.dll (The specified module could not be found.)) in Unknown on line 0
[21-Apr-2021 15:06:21 UTC] PHP Warning:  PHP Startup: Unable to load dynamic library 'pdo_mysql' (tried: C:\PHP\ext\pdo_mysql (The specified module could not be found.), C:\PHP\ext\php_pdo_mysql.dll (The specified module could not be found.)) in Unknown on line 0
[21-Apr-2021 15:06:21 UTC] PHP Warning:  PHP Startup: Unable to load dynamic library 'sqlsrv_74_nts_x64' (tried: C:\PHP\ext\sqlsrv_74_nts_x64 (The specified module could not be found.), C:\PHP\ext\php_sqlsrv_74_nts_x64.dll (The specified module could not be found.)) in Unknown on line 0
[21-Apr-2021 15:06:21 UTC] PHP Warning:  PHP Startup: Unable to load dynamic library 'pdo_sqlsrv_74_nts_x64' (tried: C:\PHP\ext\pdo_sqlsrv_74_nts_x64 (The specified module could not be found.), C:\PHP\ext\php_pdo_sqlsrv_74_nts_x64.dll (The specified module could not be found.)) in Unknown on line 0
[21-Apr-2021 15:06:21 UTC] PHP Warning:  PHP Startup: Unable to load dynamic library 'xmlrpc' (tried: C:\PHP\ext\xmlrpc (The specified module could not be found.), C:\PHP\ext\php_xmlrpc.dll (The specified module could not be found.)) in Unknown on line 0
[21-Apr-2021 15:08:14 UTC] PHP Warning:  PHP Startup: Unable to load dynamic library 'curl' (tried: C:\PHP\ext\curl (The specified module could not be found.), C:\PHP\ext\php_curl.dll (The specified module could not be found.)) in Unknown on line 0
[21-Apr-2021 15:08:14 UTC] PHP Warning:  PHP Startup: Unable to load dynamic library 'gd2' (tried: C:\PHP\ext\gd2 (The specified module could not be found.), C:\PHP\ext\php_gd2.dll (The specified module could not be found.)) in Unknown on line 0
[21-Apr-2021 15:08:14 UTC] PHP Warning:  PHP Startup: Unable to load dynamic library 'mbstring' (tried: C:\PHP\ext\mbstring (The specified module could not be found.), C:\PHP\ext\php_mbstring.dll (The specified module could not be found.)) in Unknown on line 0
[21-Apr-2021 15:08:14 UTC] PHP Warning:  PHP Startup: Unable to load dynamic library 'mysqli' (tried: C:\PHP\ext\mysqli (The specified module could not be found.), C:\PHP\ext\php_mysqli.dll (The specified module could not be found.)) in Unknown on line 0
[21-Apr-2021 15:08:14 UTC] PHP Warning:  PHP Startup: Unable to load dynamic library 'pdo_mysql' (tried: C:\PHP\ext\pdo_mysql (The specified module could not be found.), C:\PHP\ext\php_pdo_mysql.dll (The specified module could not be found.)) in Unknown on line 0
[21-Apr-2021 15:08:14 UTC] PHP Warning:  PHP Startup: Unable to load dynamic library 'sqlsrv_74_nts_x64' (tried: C:\PHP\ext\sqlsrv_74_nts_x64 (The specified module could not be found.), C:\PHP\ext\php_sqlsrv_74_nts_x64.dll (The specified module could not be found.)) in Unknown on line 0
[21-Apr-2021 15:08:14 UTC] PHP Warning:  PHP Startup: Unable to load dynamic library 'pdo_sqlsrv_74_nts_x64' (tried: C:\PHP\ext\pdo_sqlsrv_74_nts_x64 (The specified module could not be found.), C:\PHP\ext\php_pdo_sqlsrv_74_nts_x64.dll (The specified module could not be found.)) in Unknown on line 0
[21-Apr-2021 15:08:14 UTC] PHP Warning:  PHP Startup: Unable to load dynamic library 'xmlrpc' (tried: C:\PHP\ext\xmlrpc (The specified module could not be found.), C:\PHP\ext\php_xmlrpc.dll (The specified module could not be found.)) in Unknown on line 0
[21-Apr-2021 15:08:14 UTC] PHP Warning:  PHP Startup: Unable to load dynamic library 'curl' (tried: C:\PHP\ext\curl (The specified module could not be found.), C:\PHP\ext\php_curl.dll (The specified module could not be found.)) in Unknown on line 0
[21-Apr-2021 15:08:14 UTC] PHP Warning:  PHP Startup: Unable to load dynamic library 'gd2' (tried: C:\PHP\ext\gd2 (The specified module could not be found.), C:\PHP\ext\php_gd2.dll (The specified module could not be found.)) in Unknown on line 0
[21-Apr-2021 15:08:14 UTC] PHP Warning:  PHP Startup: Unable to load dynamic library 'mbstring' (tried: C:\PHP\ext\mbstring (The specified module could not be found.), C:\PHP\ext\php_mbstring.dll (The specified module could not be found.)) in Unknown on line 0
[21-Apr-2021 15:08:14 UTC] PHP Warning:  PHP Startup: Unable to load dynamic library 'mysqli' (tried: C:\PHP\ext\mysqli (The specified module could not be found.), C:\PHP\ext\php_mysqli.dll (The specified module could not be found.)) in Unknown on line 0
[21-Apr-2021 15:08:14 UTC] PHP Warning:  PHP Startup: Unable to load dynamic library 'pdo_mysql' (tried: C:\PHP\ext\pdo_mysql (The specified module could not be found.), C:\PHP\ext\php_pdo_mysql.dll (The specified module could not be found.)) in Unknown on line 0
[21-Apr-2021 15:08:14 UTC] PHP Warning:  PHP Startup: Unable to load dynamic library 'sqlsrv_74_nts_x64' (tried: C:\PHP\ext\sqlsrv_74_nts_x64 (The specified module could not be found.), C:\PHP\ext\php_sqlsrv_74_nts_x64.dll (The specified module could not be found.)) in Unknown on line 0
[21-Apr-2021 15:08:14 UTC] PHP Warning:  PHP Startup: Unable to load dynamic library 'pdo_sqlsrv_74_nts_x64' (tried: C:\PHP\ext\pdo_sqlsrv_74_nts_x64 (The specified module could not be found.), C:\PHP\ext\php_pdo_sqlsrv_74_nts_x64.dll (The specified module could not be found.)) in Unknown on line 0
[21-Apr-2021 15:08:14 UTC] PHP Warning:  PHP Startup: Unable to load dynamic library 'xmlrpc' (tried: C:\PHP\ext\xmlrpc (The specified module could not be found.), C:\PHP\ext\php_xmlrpc.dll (The specified module could not be found.)) in Unknown on line 0
[21-Apr-2021 15:11:11 UTC] PHP Warning:  PHP Startup: Unable to load dynamic library 'curl' (tried: C:\PHP\ext\curl (The specified module could not be found.), C:\PHP\ext\php_curl.dll (The specified module could not be found.)) in Unknown on line 0
[21-Apr-2021 15:11:11 UTC] PHP Warning:  PHP Startup: Unable to load dynamic library 'gd2' (tried: C:\PHP\ext\gd2 (The specified module could not be found.), C:\PHP\ext\php_gd2.dll (The specified module could not be found.)) in Unknown on line 0
[21-Apr-2021 15:11:11 UTC] PHP Warning:  PHP Startup: Unable to load dynamic library 'mbstring' (tried: C:\PHP\ext\mbstring (The specified module could not be found.), C:\PHP\ext\php_mbstring.dll (The specified module could not be found.)) in Unknown on line 0
[21-Apr-2021 15:11:11 UTC] PHP Warning:  PHP Startup: Unable to load dynamic library 'mysqli' (tried: C:\PHP\ext\mysqli (The specified module could not be found.), C:\PHP\ext\php_mysqli.dll (The specified module could not be found.)) in Unknown on line 0
[21-Apr-2021 15:11:11 UTC] PHP Warning:  PHP Startup: Unable to load dynamic library 'pdo_mysql' (tried: C:\PHP\ext\pdo_mysql (The specified module could not be found.), C:\PHP\ext\php_pdo_mysql.dll (The specified module could not be found.)) in Unknown on line 0
[21-Apr-2021 15:11:11 UTC] PHP Warning:  PHP Startup: Unable to load dynamic library 'sqlsrv_74_nts_x64' (tried: C:\PHP\ext\sqlsrv_74_nts_x64 (The specified module could not be found.), C:\PHP\ext\php_sqlsrv_74_nts_x64.dll (The specified module could not be found.)) in Unknown on line 0
[21-Apr-2021 15:11:11 UTC] PHP Warning:  PHP Startup: Unable to load dynamic library 'pdo_sqlsrv_74_nts_x64' (tried: C:\PHP\ext\pdo_sqlsrv_74_nts_x64 (The specified module could not be found.), C:\PHP\ext\php_pdo_sqlsrv_74_nts_x64.dll (The specified module could not be found.)) in Unknown on line 0
[21-Apr-2021 15:11:11 UTC] PHP Warning:  PHP Startup: Unable to load dynamic library 'xmlrpc' (tried: C:\PHP\ext\xmlrpc (The specified module could not be found.), C:\PHP\ext\php_xmlrpc.dll (The specified module could not be found.)) in Unknown on line 0
[21-Apr-2021 15:11:11 UTC] PHP Warning:  PHP Startup: Unable to load dynamic library 'curl' (tried: C:\PHP\ext\curl (The specified module could not be found.), C:\PHP\ext\php_curl.dll (The specified module could not be found.)) in Unknown on line 0
[21-Apr-2021 15:11:11 UTC] PHP Warning:  PHP Startup: Unable to load dynamic library 'gd2' (tried: C:\PHP\ext\gd2 (The specified module could not be found.), C:\PHP\ext\php_gd2.dll (The specified module could not be found.)) in Unknown on line 0
[21-Apr-2021 15:11:11 UTC] PHP Warning:  PHP Startup: Unable to load dynamic library 'mbstring' (tried: C:\PHP\ext\mbstring (The specified module could not be found.), C:\PHP\ext\php_mbstring.dll (The specified module could not be found.)) in Unknown on line 0
[21-Apr-2021 15:11:11 UTC] PHP Warning:  PHP Startup: Unable to load dynamic library 'mysqli' (tried: C:\PHP\ext\mysqli (The specified module could not be found.), C:\PHP\ext\php_mysqli.dll (The specified module could not be found.)) in Unknown on line 0
[21-Apr-2021 15:11:11 UTC] PHP Warning:  PHP Startup: Unable to load dynamic library 'pdo_mysql' (tried: C:\PHP\ext\pdo_mysql (The specified module could not be found.), C:\PHP\ext\php_pdo_mysql.dll (The specified module could not be found.)) in Unknown on line 0
[21-Apr-2021 15:11:11 UTC] PHP Warning:  PHP Startup: Unable to load dynamic library 'sqlsrv_74_nts_x64' (tried: C:\PHP\ext\sqlsrv_74_nts_x64 (The specified module could not be found.), C:\PHP\ext\php_sqlsrv_74_nts_x64.dll (The specified module could not be found.)) in Unknown on line 0
[21-Apr-2021 15:11:11 UTC] PHP Warning:  PHP Startup: Unable to load dynamic library 'pdo_sqlsrv_74_nts_x64' (tried: C:\PHP\ext\pdo_sqlsrv_74_nts_x64 (The specified module could not be found.), C:\PHP\ext\php_pdo_sqlsrv_74_nts_x64.dll (The specified module could not be found.)) in Unknown on line 0
[21-Apr-2021 15:11:11 UTC] PHP Warning:  PHP Startup: Unable to load dynamic library 'xmlrpc' (tried: C:\PHP\ext\xmlrpc (The specified module could not be found.), C:\PHP\ext\php_xmlrpc.dll (The specified module could not be found.)) in Unknown on line 0
[21-Apr-2021 15:13:31 UTC] PHP Warning:  PHP Startup: Unable to load dynamic library 'curl' (tried: C:\PHP\ext\curl (The specified module could not be found.), C:\PHP\ext\php_curl.dll (The specified module could not be found.)) in Unknown on line 0
[21-Apr-2021 15:13:31 UTC] PHP Warning:  PHP Startup: Unable to load dynamic library 'gd2' (tried: C:\PHP\ext\gd2 (The specified module could not be found.), C:\PHP\ext\php_gd2.dll (The specified module could not be found.)) in Unknown on line 0
[21-Apr-2021 15:13:31 UTC] PHP Warning:  PHP Startup: Unable to load dynamic library 'mbstring' (tried: C:\PHP\ext\mbstring (The specified module could not be found.), C:\PHP\ext\php_mbstring.dll (The specified module could not be found.)) in Unknown on line 0
[21-Apr-2021 15:13:31 UTC] PHP Warning:  PHP Startup: Unable to load dynamic library 'mysqli' (tried: C:\PHP\ext\mysqli (The specified module could not be found.), C:\PHP\ext\php_mysqli.dll (The specified module could not be found.)) in Unknown on line 0
[21-Apr-2021 15:13:31 UTC] PHP Warning:  PHP Startup: Unable to load dynamic library 'pdo_mysql' (tried: C:\PHP\ext\pdo_mysql (The specified module could not be found.), C:\PHP\ext\php_pdo_mysql.dll (The specified module could not be found.)) in Unknown on line 0
[21-Apr-2021 15:13:31 UTC] PHP Warning:  PHP Startup: Unable to load dynamic library 'sqlsrv_74_nts_x64' (tried: C:\PHP\ext\sqlsrv_74_nts_x64 (The specified module could not be found.), C:\PHP\ext\php_sqlsrv_74_nts_x64.dll (The specified module could not be found.)) in Unknown on line 0
[21-Apr-2021 15:13:31 UTC] PHP Warning:  PHP Startup: Unable to load dynamic library 'pdo_sqlsrv_74_nts_x64' (tried: C:\PHP\ext\pdo_sqlsrv_74_nts_x64 (The specified module could not be found.), C:\PHP\ext\php_pdo_sqlsrv_74_nts_x64.dll (The specified module could not be found.)) in Unknown on line 0
[21-Apr-2021 15:13:31 UTC] PHP Warning:  PHP Startup: Unable to load dynamic library 'xmlrpc' (tried: C:\PHP\ext\xmlrpc (The specified module could not be found.), C:\PHP\ext\php_xmlrpc.dll (The specified module could not be found.)) in Unknown on line 0
[21-Apr-2021 15:13:31 UTC] PHP Warning:  PHP Startup: Unable to load dynamic library 'curl' (tried: C:\PHP\ext\curl (The specified module could not be found.), C:\PHP\ext\php_curl.dll (The specified module could not be found.)) in Unknown on line 0
[21-Apr-2021 15:13:31 UTC] PHP Warning:  PHP Startup: Unable to load dynamic library 'gd2' (tried: C:\PHP\ext\gd2 (The specified module could not be found.), C:\PHP\ext\php_gd2.dll (The specified module could not be found.)) in Unknown on line 0
[21-Apr-2021 15:13:31 UTC] PHP Warning:  PHP Startup: Unable to load dynamic library 'mbstring' (tried: C:\PHP\ext\mbstring (The specified module could not be found.), C:\PHP\ext\php_mbstring.dll (The specified module could not be found.)) in Unknown on line 0
[21-Apr-2021 15:13:31 UTC] PHP Warning:  PHP Startup: Unable to load dynamic library 'mysqli' (tried: C:\PHP\ext\mysqli (The specified module could not be found.), C:\PHP\ext\php_mysqli.dll (The specified module could not be found.)) in Unknown on line 0
[21-Apr-2021 15:13:31 UTC] PHP Warning:  PHP Startup: Unable to load dynamic library 'pdo_mysql' (tried: C:\PHP\ext\pdo_mysql (The specified module could not be found.), C:\PHP\ext\php_pdo_mysql.dll (The specified module could not be found.)) in Unknown on line 0
[21-Apr-2021 15:13:31 UTC] PHP Warning:  PHP Startup: Unable to load dynamic library 'sqlsrv_74_nts_x64' (tried: C:\PHP\ext\sqlsrv_74_nts_x64 (The specified module could not be found.), C:\PHP\ext\php_sqlsrv_74_nts_x64.dll (The specified module could not be found.)) in Unknown on line 0
[21-Apr-2021 15:13:31 UTC] PHP Warning:  PHP Startup: Unable to load dynamic library 'pdo_sqlsrv_74_nts_x64' (tried: C:\PHP\ext\pdo_sqlsrv_74_nts_x64 (The specified module could not be found.), C:\PHP\ext\php_pdo_sqlsrv_74_nts_x64.dll (The specified module could not be found.)) in Unknown on line 0
[21-Apr-2021 15:13:31 UTC] PHP Warning:  PHP Startup: Unable to load dynamic library 'xmlrpc' (tried: C:\PHP\ext\xmlrpc (The specified module could not be found.), C:\PHP\ext\php_xmlrpc.dll (The specified module could not be found.)) in Unknown on line 0
[21-Apr-2021 15:15:54 UTC] PHP Warning:  PHP Startup: Unable to load dynamic library 'curl' (tried: C:\PHP\ext\curl (The specified module could not be found.), C:\PHP\ext\php_curl.dll (The specified module could not be found.)) in Unknown on line 0
[21-Apr-2021 15:15:54 UTC] PHP Warning:  PHP Startup: Unable to load dynamic library 'gd2' (tried: C:\PHP\ext\gd2 (The specified module could not be found.), C:\PHP\ext\php_gd2.dll (The specified module could not be found.)) in Unknown on line 0
[21-Apr-2021 15:15:54 UTC] PHP Warning:  PHP Startup: Unable to load dynamic library 'mbstring' (tried: C:\PHP\ext\mbstring (The specified module could not be found.), C:\PHP\ext\php_mbstring.dll (The specified module could not be found.)) in Unknown on line 0
[21-Apr-2021 15:15:54 UTC] PHP Warning:  PHP Startup: Unable to load dynamic library 'mysqli' (tried: C:\PHP\ext\mysqli (The specified module could not be found.), C:\PHP\ext\php_mysqli.dll (The specified module could not be found.)) in Unknown on line 0
[21-Apr-2021 15:15:54 UTC] PHP Warning:  PHP Startup: Unable to load dynamic library 'pdo_mysql' (tried: C:\PHP\ext\pdo_mysql (The specified module could not be found.), C:\PHP\ext\php_pdo_mysql.dll (The specified module could not be found.)) in Unknown on line 0
[21-Apr-2021 15:15:54 UTC] PHP Warning:  PHP Startup: Unable to load dynamic library 'sqlsrv_74_nts_x64' (tried: C:\PHP\ext\sqlsrv_74_nts_x64 (The specified module could not be found.), C:\PHP\ext\php_sqlsrv_74_nts_x64.dll (The specified module could not be found.)) in Unknown on line 0
[21-Apr-2021 15:15:54 UTC] PHP Warning:  PHP Startup: Unable to load dynamic library 'pdo_sqlsrv_74_nts_x64' (tried: C:\PHP\ext\pdo_sqlsrv_74_nts_x64 (The specified module could not be found.), C:\PHP\ext\php_pdo_sqlsrv_74_nts_x64.dll (The specified module could not be found.)) in Unknown on line 0
[21-Apr-2021 15:15:54 UTC] PHP Warning:  PHP Startup: Unable to load dynamic library 'xmlrpc' (tried: C:\PHP\ext\xmlrpc (The specified module could not be found.), C:\PHP\ext\php_xmlrpc.dll (The specified module could not be found.)) in Unknown on line 0
[21-Apr-2021 15:15:54 UTC] PHP Warning:  PHP Startup: Unable to load dynamic library 'curl' (tried: C:\PHP\ext\curl (The specified module could not be found.), C:\PHP\ext\php_curl.dll (The specified module could not be found.)) in Unknown on line 0
[21-Apr-2021 15:15:54 UTC] PHP Warning:  PHP Startup: Unable to load dynamic library 'gd2' (tried: C:\PHP\ext\gd2 (The specified module could not be found.), C:\PHP\ext\php_gd2.dll (The specified module could not be found.)) in Unknown on line 0
[21-Apr-2021 15:15:54 UTC] PHP Warning:  PHP Startup: Unable to load dynamic library 'mbstring' (tried: C:\PHP\ext\mbstring (The specified module could not be found.), C:\PHP\ext\php_mbstring.dll (The specified module could not be found.)) in Unknown on line 0
[21-Apr-2021 15:15:54 UTC] PHP Warning:  PHP Startup: Unable to load dynamic library 'mysqli' (tried: C:\PHP\ext\mysqli (The specified module could not be found.), C:\PHP\ext\php_mysqli.dll (The specified module could not be found.)) in Unknown on line 0
[21-Apr-2021 15:15:54 UTC] PHP Warning:  PHP Startup: Unable to load dynamic library 'pdo_mysql' (tried: C:\PHP\ext\pdo_mysql (The specified module could not be found.), C:\PHP\ext\php_pdo_mysql.dll (The specified module could not be found.)) in Unknown on line 0
[21-Apr-2021 15:15:54 UTC] PHP Warning:  PHP Startup: Unable to load dynamic library 'sqlsrv_74_nts_x64' (tried: C:\PHP\ext\sqlsrv_74_nts_x64 (The specified module could not be found.), C:\PHP\ext\php_sqlsrv_74_nts_x64.dll (The specified module could not be found.)) in Unknown on line 0
[21-Apr-2021 15:15:54 UTC] PHP Warning:  PHP Startup: Unable to load dynamic library 'pdo_sqlsrv_74_nts_x64' (tried: C:\PHP\ext\pdo_sqlsrv_74_nts_x64 (The specified module could not be found.), C:\PHP\ext\php_pdo_sqlsrv_74_nts_x64.dll (The specified module could not be found.)) in Unknown on line 0
[21-Apr-2021 15:15:54 UTC] PHP Warning:  PHP Startup: Unable to load dynamic library 'xmlrpc' (tried: C:\PHP\ext\xmlrpc (The specified module could not be found.), C:\PHP\ext\php_xmlrpc.dll (The specified module could not be found.)) in Unknown on line 0
[21-Apr-2021 15:19:22 UTC] PHP Warning:  PHP Startup: Unable to load dynamic library 'curl' (tried: C:\PHP\ext\curl (The specified module could not be found.), C:\PHP\ext\php_curl.dll (The specified module could not be found.)) in Unknown on line 0
[21-Apr-2021 15:19:22 UTC] PHP Warning:  PHP Startup: Unable to load dynamic library 'gd2' (tried: C:\PHP\ext\gd2 (The specified module could not be found.), C:\PHP\ext\php_gd2.dll (The specified module could not be found.)) in Unknown on line 0
[21-Apr-2021 15:19:22 UTC] PHP Warning:  PHP Startup: Unable to load dynamic library 'mbstring' (tried: C:\PHP\ext\mbstring (The specified module could not be found.), C:\PHP\ext\php_mbstring.dll (The specified module could not be found.)) in Unknown on line 0
[21-Apr-2021 15:19:22 UTC] PHP Warning:  PHP Startup: Unable to load dynamic library 'mysqli' (tried: C:\PHP\ext\mysqli (The specified module could not be found.), C:\PHP\ext\php_mysqli.dll (The specified module could not be found.)) in Unknown on line 0
[21-Apr-2021 15:19:22 UTC] PHP Warning:  PHP Startup: Unable to load dynamic library 'pdo_mysql' (tried: C:\PHP\ext\pdo_mysql (The specified module could not be found.), C:\PHP\ext\php_pdo_mysql.dll (The specified module could not be found.)) in Unknown on line 0
[21-Apr-2021 15:19:22 UTC] PHP Warning:  PHP Startup: Unable to load dynamic library 'sqlsrv_74_nts_x64' (tried: C:\PHP\ext\sqlsrv_74_nts_x64 (The specified module could not be found.), C:\PHP\ext\php_sqlsrv_74_nts_x64.dll (The specified module could not be found.)) in Unknown on line 0
[21-Apr-2021 15:19:22 UTC] PHP Warning:  PHP Startup: Unable to load dynamic library 'pdo_sqlsrv_74_nts_x64' (tried: C:\PHP\ext\pdo_sqlsrv_74_nts_x64 (The specified module could not be found.), C:\PHP\ext\php_pdo_sqlsrv_74_nts_x64.dll (The specified module could not be found.)) in Unknown on line 0
[21-Apr-2021 15:19:22 UTC] PHP Warning:  PHP Startup: Unable to load dynamic library 'xmlrpc' (tried: C:\PHP\ext\xmlrpc (The specified module could not be found.), C:\PHP\ext\php_xmlrpc.dll (The specified module could not be found.)) in Unknown on line 0
[21-Apr-2021 15:19:22 UTC] PHP Warning:  PHP Startup: Unable to load dynamic library 'curl' (tried: C:\PHP\ext\curl (The specified module could not be found.), C:\PHP\ext\php_curl.dll (The specified module could not be found.)) in Unknown on line 0
[21-Apr-2021 15:19:22 UTC] PHP Warning:  PHP Startup: Unable to load dynamic library 'gd2' (tried: C:\PHP\ext\gd2 (The specified module could not be found.), C:\PHP\ext\php_gd2.dll (The specified module could not be found.)) in Unknown on line 0
[21-Apr-2021 15:19:22 UTC] PHP Warning:  PHP Startup: Unable to load dynamic library 'mbstring' (tried: C:\PHP\ext\mbstring (The specified module could not be found.), C:\PHP\ext\php_mbstring.dll (The specified module could not be found.)) in Unknown on line 0
[21-Apr-2021 15:19:22 UTC] PHP Warning:  PHP Startup: Unable to load dynamic library 'mysqli' (tried: C:\PHP\ext\mysqli (The specified module could not be found.), C:\PHP\ext\php_mysqli.dll (The specified module could not be found.)) in Unknown on line 0
[21-Apr-2021 15:19:22 UTC] PHP Warning:  PHP Startup: Unable to load dynamic library 'pdo_mysql' (tried: C:\PHP\ext\pdo_mysql (The specified module could not be found.), C:\PHP\ext\php_pdo_mysql.dll (The specified module could not be found.)) in Unknown on line 0
[21-Apr-2021 15:19:22 UTC] PHP Warning:  PHP Startup: Unable to load dynamic library 'sqlsrv_74_nts_x64' (tried: C:\PHP\ext\sqlsrv_74_nts_x64 (The specified module could not be found.), C:\PHP\ext\php_sqlsrv_74_nts_x64.dll (The specified module could not be found.)) in Unknown on line 0
[21-Apr-2021 15:19:22 UTC] PHP Warning:  PHP Startup: Unable to load dynamic library 'pdo_sqlsrv_74_nts_x64' (tried: C:\PHP\ext\pdo_sqlsrv_74_nts_x64 (The specified module could not be found.), C:\PHP\ext\php_pdo_sqlsrv_74_nts_x64.dll (The specified module could not be found.)) in Unknown on line 0
[21-Apr-2021 15:19:22 UTC] PHP Warning:  PHP Startup: Unable to load dynamic library 'xmlrpc' (tried: C:\PHP\ext\xmlrpc (The specified module could not be found.), C:\PHP\ext\php_xmlrpc.dll (The specified module could not be found.)) in Unknown on line 0
[21-Apr-2021 15:20:04 UTC] PHP Warning:  PHP Startup: Unable to load dynamic library 'curl' (tried: C:\PHP\ext\curl (The specified module could not be found.), C:\PHP\ext\php_curl.dll (The specified module could not be found.)) in Unknown on line 0
[21-Apr-2021 15:20:04 UTC] PHP Warning:  PHP Startup: Unable to load dynamic library 'gd2' (tried: C:\PHP\ext\gd2 (The specified module could not be found.), C:\PHP\ext\php_gd2.dll (The specified module could not be found.)) in Unknown on line 0
[21-Apr-2021 15:20:04 UTC] PHP Warning:  PHP Startup: Unable to load dynamic library 'mbstring' (tried: C:\PHP\ext\mbstring (The specified module could not be found.), C:\PHP\ext\php_mbstring.dll (The specified module could not be found.)) in Unknown on line 0
[21-Apr-2021 15:20:04 UTC] PHP Warning:  PHP Startup: Unable to load dynamic library 'mysqli' (tried: C:\PHP\ext\mysqli (The specified module could not be found.), C:\PHP\ext\php_mysqli.dll (The specified module could not be found.)) in Unknown on line 0
[21-Apr-2021 15:20:04 UTC] PHP Warning:  PHP Startup: Unable to load dynamic library 'pdo_mysql' (tried: C:\PHP\ext\pdo_mysql (The specified module could not be found.), C:\PHP\ext\php_pdo_mysql.dll (The specified module could not be found.)) in Unknown on line 0
[21-Apr-2021 15:20:04 UTC] PHP Warning:  PHP Startup: Unable to load dynamic library 'sqlsrv_74_nts_x64' (tried: C:\PHP\ext\sqlsrv_74_nts_x64 (The specified module could not be found.), C:\PHP\ext\php_sqlsrv_74_nts_x64.dll (The specified module could not be found.)) in Unknown on line 0
[21-Apr-2021 15:20:04 UTC] PHP Warning:  PHP Startup: Unable to load dynamic library 'pdo_sqlsrv_74_nts_x64' (tried: C:\PHP\ext\pdo_sqlsrv_74_nts_x64 (The specified module could not be found.), C:\PHP\ext\php_pdo_sqlsrv_74_nts_x64.dll (The specified module could not be found.)) in Unknown on line 0
[21-Apr-2021 15:20:04 UTC] PHP Warning:  PHP Startup: Unable to load dynamic library 'xmlrpc' (tried: C:\PHP\ext\xmlrpc (The specified module could not be found.), C:\PHP\ext\php_xmlrpc.dll (The specified module could not be found.)) in Unknown on line 0
[21-Apr-2021 15:20:04 UTC] PHP Warning:  PHP Startup: Unable to load dynamic library 'curl' (tried: C:\PHP\ext\curl (The specified module could not be found.), C:\PHP\ext\php_curl.dll (The specified module could not be found.)) in Unknown on line 0
[21-Apr-2021 15:20:04 UTC] PHP Warning:  PHP Startup: Unable to load dynamic library 'gd2' (tried: C:\PHP\ext\gd2 (The specified module could not be found.), C:\PHP\ext\php_gd2.dll (The specified module could not be found.)) in Unknown on line 0
[21-Apr-2021 15:20:04 UTC] PHP Warning:  PHP Startup: Unable to load dynamic library 'mbstring' (tried: C:\PHP\ext\mbstring (The specified module could not be found.), C:\PHP\ext\php_mbstring.dll (The specified module could not be found.)) in Unknown on line 0
[21-Apr-2021 15:20:04 UTC] PHP Warning:  PHP Startup: Unable to load dynamic library 'mysqli' (tried: C:\PHP\ext\mysqli (The specified module could not be found.), C:\PHP\ext\php_mysqli.dll (The specified module could not be found.)) in Unknown on line 0
[21-Apr-2021 15:20:04 UTC] PHP Warning:  PHP Startup: Unable to load dynamic library 'pdo_mysql' (tried: C:\PHP\ext\pdo_mysql (The specified module could not be found.), C:\PHP\ext\php_pdo_mysql.dll (The specified module could not be found.)) in Unknown on line 0
[21-Apr-2021 15:20:04 UTC] PHP Warning:  PHP Startup: Unable to load dynamic library 'sqlsrv_74_nts_x64' (tried: C:\PHP\ext\sqlsrv_74_nts_x64 (The specified module could not be found.), C:\PHP\ext\php_sqlsrv_74_nts_x64.dll (The specified module could not be found.)) in Unknown on line 0
[21-Apr-2021 15:20:04 UTC] PHP Warning:  PHP Startup: Unable to load dynamic library 'pdo_sqlsrv_74_nts_x64' (tried: C:\PHP\ext\pdo_sqlsrv_74_nts_x64 (The specified module could not be found.), C:\PHP\ext\php_pdo_sqlsrv_74_nts_x64.dll (The specified module could not be found.)) in Unknown on line 0
[21-Apr-2021 15:20:04 UTC] PHP Warning:  PHP Startup: Unable to load dynamic library 'xmlrpc' (tried: C:\PHP\ext\xmlrpc (The specified module could not be found.), C:\PHP\ext\php_xmlrpc.dll (The specified module could not be found.)) in Unknown on line 0
[21-Apr-2021 15:21:10 UTC] PHP Warning:  PHP Startup: Unable to load dynamic library 'curl' (tried: C:\PHP\ext\curl (The specified module could not be found.), C:\PHP\ext\php_curl.dll (The specified module could not be found.)) in Unknown on line 0
[21-Apr-2021 15:21:10 UTC] PHP Warning:  PHP Startup: Unable to load dynamic library 'gd2' (tried: C:\PHP\ext\gd2 (The specified module could not be found.), C:\PHP\ext\php_gd2.dll (The specified module could not be found.)) in Unknown on line 0
[21-Apr-2021 15:21:10 UTC] PHP Warning:  PHP Startup: Unable to load dynamic library 'mbstring' (tried: C:\PHP\ext\mbstring (The specified module could not be found.), C:\PHP\ext\php_mbstring.dll (The specified module could not be found.)) in Unknown on line 0
[21-Apr-2021 15:21:10 UTC] PHP Warning:  PHP Startup: Unable to load dynamic library 'mysqli' (tried: C:\PHP\ext\mysqli (The specified module could not be found.), C:\PHP\ext\php_mysqli.dll (The specified module could not be found.)) in Unknown on line 0
[21-Apr-2021 15:21:10 UTC] PHP Warning:  PHP Startup: Unable to load dynamic library 'pdo_mysql' (tried: C:\PHP\ext\pdo_mysql (The specified module could not be found.), C:\PHP\ext\php_pdo_mysql.dll (The specified module could not be found.)) in Unknown on line 0
[21-Apr-2021 15:21:10 UTC] PHP Warning:  PHP Startup: Unable to load dynamic library 'sqlsrv_74_nts_x64' (tried: C:\PHP\ext\sqlsrv_74_nts_x64 (The specified module could not be found.), C:\PHP\ext\php_sqlsrv_74_nts_x64.dll (The specified module could not be found.)) in Unknown on line 0
[21-Apr-2021 15:21:10 UTC] PHP Warning:  PHP Startup: Unable to load dynamic library 'pdo_sqlsrv_74_nts_x64' (tried: C:\PHP\ext\pdo_sqlsrv_74_nts_x64 (The specified module could not be found.), C:\PHP\ext\php_pdo_sqlsrv_74_nts_x64.dll (The specified module could not be found.)) in Unknown on line 0
[21-Apr-2021 15:21:10 UTC] PHP Warning:  PHP Startup: Unable to load dynamic library 'xmlrpc' (tried: C:\PHP\ext\xmlrpc (The specified module could not be found.), C:\PHP\ext\php_xmlrpc.dll (The specified module could not be found.)) in Unknown on line 0
[21-Apr-2021 15:21:10 UTC] PHP Warning:  PHP Startup: Unable to load dynamic library 'curl' (tried: C:\PHP\ext\curl (The specified module could not be found.), C:\PHP\ext\php_curl.dll (The specified module could not be found.)) in Unknown on line 0
[21-Apr-2021 15:21:10 UTC] PHP Warning:  PHP Startup: Unable to load dynamic library 'gd2' (tried: C:\PHP\ext\gd2 (The specified module could not be found.), C:\PHP\ext\php_gd2.dll (The specified module could not be found.)) in Unknown on line 0
[21-Apr-2021 15:21:10 UTC] PHP Warning:  PHP Startup: Unable to load dynamic library 'mbstring' (tried: C:\PHP\ext\mbstring (The specified module could not be found.), C:\PHP\ext\php_mbstring.dll (The specified module could not be found.)) in Unknown on line 0
[21-Apr-2021 15:21:10 UTC] PHP Warning:  PHP Startup: Unable to load dynamic library 'mysqli' (tried: C:\PHP\ext\mysqli (The specified module could not be found.), C:\PHP\ext\php_mysqli.dll (The specified module could not be found.)) in Unknown on line 0
[21-Apr-2021 15:21:10 UTC] PHP Warning:  PHP Startup: Unable to load dynamic library 'pdo_mysql' (tried: C:\PHP\ext\pdo_mysql (The specified module could not be found.), C:\PHP\ext\php_pdo_mysql.dll (The specified module could not be found.)) in Unknown on line 0
[21-Apr-2021 15:21:10 UTC] PHP Warning:  PHP Startup: Unable to load dynamic library 'sqlsrv_74_nts_x64' (tried: C:\PHP\ext\sqlsrv_74_nts_x64 (The specified module could not be found.), C:\PHP\ext\php_sqlsrv_74_nts_x64.dll (The specified module could not be found.)) in Unknown on line 0
[21-Apr-2021 15:21:10 UTC] PHP Warning:  PHP Startup: Unable to load dynamic library 'pdo_sqlsrv_74_nts_x64' (tried: C:\PHP\ext\pdo_sqlsrv_74_nts_x64 (The specified module could not be found.), C:\PHP\ext\php_pdo_sqlsrv_74_nts_x64.dll (The specified module could not be found.)) in Unknown on line 0
[21-Apr-2021 15:21:10 UTC] PHP Warning:  PHP Startup: Unable to load dynamic library 'xmlrpc' (tried: C:\PHP\ext\xmlrpc (The specified module could not be found.), C:\PHP\ext\php_xmlrpc.dll (The specified module could not be found.)) in Unknown on line 0
[21-Apr-2021 15:27:45 UTC] PHP Warning:  PHP Startup: Unable to load dynamic library 'curl' (tried: C:\PHP\ext\curl (The specified module could not be found.), C:\PHP\ext\php_curl.dll (The specified module could not be found.)) in Unknown on line 0
[21-Apr-2021 15:27:45 UTC] PHP Warning:  PHP Startup: Unable to load dynamic library 'gd2' (tried: C:\PHP\ext\gd2 (The specified module could not be found.), C:\PHP\ext\php_gd2.dll (The specified module could not be found.)) in Unknown on line 0
[21-Apr-2021 15:27:45 UTC] PHP Warning:  PHP Startup: Unable to load dynamic library 'mbstring' (tried: C:\PHP\ext\mbstring (The specified module could not be found.), C:\PHP\ext\php_mbstring.dll (The specified module could not be found.)) in Unknown on line 0
[21-Apr-2021 15:27:45 UTC] PHP Warning:  PHP Startup: Unable to load dynamic library 'mysqli' (tried: C:\PHP\ext\mysqli (The specified module could not be found.), C:\PHP\ext\php_mysqli.dll (The specified module could not be found.)) in Unknown on line 0
[21-Apr-2021 15:27:45 UTC] PHP Warning:  PHP Startup: Unable to load dynamic library 'pdo_mysql' (tried: C:\PHP\ext\pdo_mysql (The specified module could not be found.), C:\PHP\ext\php_pdo_mysql.dll (The specified module could not be found.)) in Unknown on line 0
[21-Apr-2021 15:27:45 UTC] PHP Warning:  PHP Startup: Unable to load dynamic library 'sqlsrv_74_nts_x64' (tried: C:\PHP\ext\sqlsrv_74_nts_x64 (The specified module could not be found.), C:\PHP\ext\php_sqlsrv_74_nts_x64.dll (The specified module could not be found.)) in Unknown on line 0
[21-Apr-2021 15:27:45 UTC] PHP Warning:  PHP Startup: Unable to load dynamic library 'pdo_sqlsrv_74_nts_x64' (tried: C:\PHP\ext\pdo_sqlsrv_74_nts_x64 (The specified module could not be found.), C:\PHP\ext\php_pdo_sqlsrv_74_nts_x64.dll (The specified module could not be found.)) in Unknown on line 0
[21-Apr-2021 15:27:45 UTC] PHP Warning:  PHP Startup: Unable to load dynamic library 'xmlrpc' (tried: C:\PHP\ext\xmlrpc (The specified module could not be found.), C:\PHP\ext\php_xmlrpc.dll (The specified module could not be found.)) in Unknown on line 0
[21-Apr-2021 15:27:45 UTC] PHP Warning:  PHP Startup: Unable to load dynamic library 'curl' (tried: C:\PHP\ext\curl (The specified module could not be found.), C:\PHP\ext\php_curl.dll (The specified module could not be found.)) in Unknown on line 0
[21-Apr-2021 15:27:45 UTC] PHP Warning:  PHP Startup: Unable to load dynamic library 'gd2' (tried: C:\PHP\ext\gd2 (The specified module could not be found.), C:\PHP\ext\php_gd2.dll (The specified module could not be found.)) in Unknown on line 0
[21-Apr-2021 15:27:45 UTC] PHP Warning:  PHP Startup: Unable to load dynamic library 'mbstring' (tried: C:\PHP\ext\mbstring (The specified module could not be found.), C:\PHP\ext\php_mbstring.dll (The specified module could not be found.)) in Unknown on line 0
[21-Apr-2021 15:27:45 UTC] PHP Warning:  PHP Startup: Unable to load dynamic library 'mysqli' (tried: C:\PHP\ext\mysqli (The specified module could not be found.), C:\PHP\ext\php_mysqli.dll (The specified module could not be found.)) in Unknown on line 0
[21-Apr-2021 15:27:45 UTC] PHP Warning:  PHP Startup: Unable to load dynamic library 'pdo_mysql' (tried: C:\PHP\ext\pdo_mysql (The specified module could not be found.), C:\PHP\ext\php_pdo_mysql.dll (The specified module could not be found.)) in Unknown on line 0
[21-Apr-2021 15:27:45 UTC] PHP Warning:  PHP Startup: Unable to load dynamic library 'sqlsrv_74_nts_x64' (tried: C:\PHP\ext\sqlsrv_74_nts_x64 (The specified module could not be found.), C:\PHP\ext\php_sqlsrv_74_nts_x64.dll (The specified module could not be found.)) in Unknown on line 0
[21-Apr-2021 15:27:45 UTC] PHP Warning:  PHP Startup: Unable to load dynamic library 'pdo_sqlsrv_74_nts_x64' (tried: C:\PHP\ext\pdo_sqlsrv_74_nts_x64 (The specified module could not be found.), C:\PHP\ext\php_pdo_sqlsrv_74_nts_x64.dll (The specified module could not be found.)) in Unknown on line 0
[21-Apr-2021 15:27:45 UTC] PHP Warning:  PHP Startup: Unable to load dynamic library 'xmlrpc' (tried: C:\PHP\ext\xmlrpc (The specified module could not be found.), C:\PHP\ext\php_xmlrpc.dll (The specified module could not be found.)) in Unknown on line 0
[21-Apr-2021 15:32:41 UTC] PHP Warning:  PHP Startup: Unable to load dynamic library 'curl' (tried: C:\PHP\ext\curl (The specified module could not be found.), C:\PHP\ext\php_curl.dll (The specified module could not be found.)) in Unknown on line 0
[21-Apr-2021 15:32:41 UTC] PHP Warning:  PHP Startup: Unable to load dynamic library 'gd2' (tried: C:\PHP\ext\gd2 (The specified module could not be found.), C:\PHP\ext\php_gd2.dll (The specified module could not be found.)) in Unknown on line 0
[21-Apr-2021 15:32:41 UTC] PHP Warning:  PHP Startup: Unable to load dynamic library 'mbstring' (tried: C:\PHP\ext\mbstring (The specified module could not be found.), C:\PHP\ext\php_mbstring.dll (The specified module could not be found.)) in Unknown on line 0
[21-Apr-2021 15:32:41 UTC] PHP Warning:  PHP Startup: Unable to load dynamic library 'mysqli' (tried: C:\PHP\ext\mysqli (The specified module could not be found.), C:\PHP\ext\php_mysqli.dll (The specified module could not be found.)) in Unknown on line 0
[21-Apr-2021 15:32:41 UTC] PHP Warning:  PHP Startup: Unable to load dynamic library 'pdo_mysql' (tried: C:\PHP\ext\pdo_mysql (The specified module could not be found.), C:\PHP\ext\php_pdo_mysql.dll (The specified module could not be found.)) in Unknown on line 0
[21-Apr-2021 15:32:41 UTC] PHP Warning:  PHP Startup: Unable to load dynamic library 'sqlsrv_74_nts_x64' (tried: C:\PHP\ext\sqlsrv_74_nts_x64 (The specified module could not be found.), C:\PHP\ext\php_sqlsrv_74_nts_x64.dll (The specified module could not be found.)) in Unknown on line 0
[21-Apr-2021 15:32:41 UTC] PHP Warning:  PHP Startup: Unable to load dynamic library 'pdo_sqlsrv_74_nts_x64' (tried: C:\PHP\ext\pdo_sqlsrv_74_nts_x64 (The specified module could not be found.), C:\PHP\ext\php_pdo_sqlsrv_74_nts_x64.dll (The specified module could not be found.)) in Unknown on line 0
[21-Apr-2021 15:32:41 UTC] PHP Warning:  PHP Startup: Unable to load dynamic library 'xmlrpc' (tried: C:\PHP\ext\xmlrpc (The specified module could not be found.), C:\PHP\ext\php_xmlrpc.dll (The specified module could not be found.)) in Unknown on line 0
[21-Apr-2021 15:32:41 UTC] PHP Warning:  PHP Startup: Unable to load dynamic library 'curl' (tried: C:\PHP\ext\curl (The specified module could not be found.), C:\PHP\ext\php_curl.dll (The specified module could not be found.)) in Unknown on line 0
[21-Apr-2021 15:32:41 UTC] PHP Warning:  PHP Startup: Unable to load dynamic library 'gd2' (tried: C:\PHP\ext\gd2 (The specified module could not be found.), C:\PHP\ext\php_gd2.dll (The specified module could not be found.)) in Unknown on line 0
[21-Apr-2021 15:32:41 UTC] PHP Warning:  PHP Startup: Unable to load dynamic library 'mbstring' (tried: C:\PHP\ext\mbstring (The specified module could not be found.), C:\PHP\ext\php_mbstring.dll (The specified module could not be found.)) in Unknown on line 0
[21-Apr-2021 15:32:41 UTC] PHP Warning:  PHP Startup: Unable to load dynamic library 'mysqli' (tried: C:\PHP\ext\mysqli (The specified module could not be found.), C:\PHP\ext\php_mysqli.dll (The specified module could not be found.)) in Unknown on line 0
[21-Apr-2021 15:32:41 UTC] PHP Warning:  PHP Startup: Unable to load dynamic library 'pdo_mysql' (tried: C:\PHP\ext\pdo_mysql (The specified module could not be found.), C:\PHP\ext\php_pdo_mysql.dll (The specified module could not be found.)) in Unknown on line 0
[21-Apr-2021 15:32:41 UTC] PHP Warning:  PHP Startup: Unable to load dynamic library 'sqlsrv_74_nts_x64' (tried: C:\PHP\ext\sqlsrv_74_nts_x64 (The specified module could not be found.), C:\PHP\ext\php_sqlsrv_74_nts_x64.dll (The specified module could not be found.)) in Unknown on line 0
[21-Apr-2021 15:32:41 UTC] PHP Warning:  PHP Startup: Unable to load dynamic library 'pdo_sqlsrv_74_nts_x64' (tried: C:\PHP\ext\pdo_sqlsrv_74_nts_x64 (The specified module could not be found.), C:\PHP\ext\php_pdo_sqlsrv_74_nts_x64.dll (The specified module could not be found.)) in Unknown on line 0
[21-Apr-2021 15:32:41 UTC] PHP Warning:  PHP Startup: Unable to load dynamic library 'xmlrpc' (tried: C:\PHP\ext\xmlrpc (The specified module could not be found.), C:\PHP\ext\php_xmlrpc.dll (The specified module could not be found.)) in Unknown on line 0
[21-Apr-2021 15:34:34 UTC] PHP Warning:  PHP Startup: Unable to load dynamic library 'curl' (tried: C:\PHP\ext\curl (The specified module could not be found.), C:\PHP\ext\php_curl.dll (The specified module could not be found.)) in Unknown on line 0
[21-Apr-2021 15:34:34 UTC] PHP Warning:  PHP Startup: Unable to load dynamic library 'gd2' (tried: C:\PHP\ext\gd2 (The specified module could not be found.), C:\PHP\ext\php_gd2.dll (The specified module could not be found.)) in Unknown on line 0
[21-Apr-2021 15:34:34 UTC] PHP Warning:  PHP Startup: Unable to load dynamic library 'mbstring' (tried: C:\PHP\ext\mbstring (The specified module could not be found.), C:\PHP\ext\php_mbstring.dll (The specified module could not be found.)) in Unknown on line 0
[21-Apr-2021 15:34:34 UTC] PHP Warning:  PHP Startup: Unable to load dynamic library 'mysqli' (tried: C:\PHP\ext\mysqli (The specified module could not be found.), C:\PHP\ext\php_mysqli.dll (The specified module could not be found.)) in Unknown on line 0
[21-Apr-2021 15:34:34 UTC] PHP Warning:  PHP Startup: Unable to load dynamic library 'pdo_mysql' (tried: C:\PHP\ext\pdo_mysql (The specified module could not be found.), C:\PHP\ext\php_pdo_mysql.dll (The specified module could not be found.)) in Unknown on line 0
[21-Apr-2021 15:34:34 UTC] PHP Warning:  PHP Startup: Unable to load dynamic library 'sqlsrv_74_nts_x64' (tried: C:\PHP\ext\sqlsrv_74_nts_x64 (The specified module could not be found.), C:\PHP\ext\php_sqlsrv_74_nts_x64.dll (The specified module could not be found.)) in Unknown on line 0
[21-Apr-2021 15:34:34 UTC] PHP Warning:  PHP Startup: Unable to load dynamic library 'pdo_sqlsrv_74_nts_x64' (tried: C:\PHP\ext\pdo_sqlsrv_74_nts_x64 (The specified module could not be found.), C:\PHP\ext\php_pdo_sqlsrv_74_nts_x64.dll (The specified module could not be found.)) in Unknown on line 0
[21-Apr-2021 15:34:34 UTC] PHP Warning:  PHP Startup: Unable to load dynamic library 'xmlrpc' (tried: C:\PHP\ext\xmlrpc (The specified module could not be found.), C:\PHP\ext\php_xmlrpc.dll (The specified module could not be found.)) in Unknown on line 0
[21-Apr-2021 15:34:34 UTC] PHP Warning:  PHP Startup: Unable to load dynamic library 'curl' (tried: C:\PHP\ext\curl (The specified module could not be found.), C:\PHP\ext\php_curl.dll (The specified module could not be found.)) in Unknown on line 0
[21-Apr-2021 15:34:34 UTC] PHP Warning:  PHP Startup: Unable to load dynamic library 'gd2' (tried: C:\PHP\ext\gd2 (The specified module could not be found.), C:\PHP\ext\php_gd2.dll (The specified module could not be found.)) in Unknown on line 0
[21-Apr-2021 15:34:34 UTC] PHP Warning:  PHP Startup: Unable to load dynamic library 'mbstring' (tried: C:\PHP\ext\mbstring (The specified module could not be found.), C:\PHP\ext\php_mbstring.dll (The specified module could not be found.)) in Unknown on line 0
[21-Apr-2021 15:34:34 UTC] PHP Warning:  PHP Startup: Unable to load dynamic library 'mysqli' (tried: C:\PHP\ext\mysqli (The specified module could not be found.), C:\PHP\ext\php_mysqli.dll (The specified module could not be found.)) in Unknown on line 0
[21-Apr-2021 15:34:34 UTC] PHP Warning:  PHP Startup: Unable to load dynamic library 'pdo_mysql' (tried: C:\PHP\ext\pdo_mysql (The specified module could not be found.), C:\PHP\ext\php_pdo_mysql.dll (The specified module could not be found.)) in Unknown on line 0
[21-Apr-2021 15:34:34 UTC] PHP Warning:  PHP Startup: Unable to load dynamic library 'sqlsrv_74_nts_x64' (tried: C:\PHP\ext\sqlsrv_74_nts_x64 (The specified module could not be found.), C:\PHP\ext\php_sqlsrv_74_nts_x64.dll (The specified module could not be found.)) in Unknown on line 0
[21-Apr-2021 15:34:34 UTC] PHP Warning:  PHP Startup: Unable to load dynamic library 'pdo_sqlsrv_74_nts_x64' (tried: C:\PHP\ext\pdo_sqlsrv_74_nts_x64 (The specified module could not be found.), C:\PHP\ext\php_pdo_sqlsrv_74_nts_x64.dll (The specified module could not be found.)) in Unknown on line 0
[21-Apr-2021 15:34:34 UTC] PHP Warning:  PHP Startup: Unable to load dynamic library 'xmlrpc' (tried: C:\PHP\ext\xmlrpc (The specified module could not be found.), C:\PHP\ext\php_xmlrpc.dll (The specified module could not be found.)) in Unknown on line 0
